<?xml version="1.0" encoding="UTF-8"?>
<testng-results ignored="0" total="2" passed="1" failed="1" skipped="0">
  <reporter-output>
    <line>
      <![CDATA[reading value of url from property file]]>
    </line>
    <line>
      <![CDATA[Launching browser]]>
    </line>
    <line>
      <![CDATA[waiting for 1000milis]]>
    </line>
    <line>
      <![CDATA[reading value of mobNum from property file]]>
    </line>
    <line>
      <![CDATA[waiting for 1000milis]]>
    </line>
    <line>
      <![CDATA[sending mobile number]]>
    </line>
    <line>
      <![CDATA[waiting for 1000milis]]>
    </line>
    <line>
      <![CDATA[clicking on sign in Button]]>
    </line>
    <line>
      <![CDATA[reading value of pass from property file]]>
    </line>
    <line>
      <![CDATA[waiting for 3000milis]]>
    </line>
    <line>
      <![CDATA[sending password]]>
    </line>
    <line>
      <![CDATA[clicking on submit button]]>
    </line>
    <line>
      <![CDATA[waiting for 1000milis]]>
    </line>
    <line>
      <![CDATA[scrolling into view Close]]>
    </line>
    <line>
      <![CDATA[waiting for 1000milis]]>
    </line>
    <line>
      <![CDATA[Handeling popup..]]>
    </line>
    <line>
      <![CDATA[waiting for 1000milis]]>
    </line>
    <line>
      <![CDATA[getting act balance]]>
    </line>
    <line>
      <![CDATA[waiting for 1000milis]]>
    </line>
    <line>
      <![CDATA[getting act balance]]>
    </line>
    <line>
      <![CDATA[AC balance is Rs.5,00,000.00]]>
    </line>
    <line>
      <![CDATA[waiting for 1000milis]]>
    </line>
    <line>
      <![CDATA[waiting for 1000milis]]>
    </line>
    <line>
      <![CDATA[Logging out from NeoStox]]>
    </line>
    <line>
      <![CDATA[reading value of mobNum from property file]]>
    </line>
    <line>
      <![CDATA[waiting for 1000milis]]>
    </line>
    <line>
      <![CDATA[sending mobile number]]>
    </line>
    <line>
      <![CDATA[waiting for 1000milis]]>
    </line>
    <line>
      <![CDATA[clicking on sign in Button]]>
    </line>
    <line>
      <![CDATA[reading value of pass from property file]]>
    </line>
    <line>
      <![CDATA[waiting for 3000milis]]>
    </line>
    <line>
      <![CDATA[sending password]]>
    </line>
    <line>
      <![CDATA[clicking on submit button]]>
    </line>
    <line>
      <![CDATA[waiting for 1000milis]]>
    </line>
    <line>
      <![CDATA[There are no Popup]]>
    </line>
    <line>
      <![CDATA[getting user Name]]>
    </line>
    <line>
      <![CDATA[reading value of userName from property file]]>
    </line>
    <line>
      <![CDATA[waiting for 1000milis]]>
    </line>
    <line>
      <![CDATA[waiting for 1000milis]]>
    </line>
    <line>
      <![CDATA[Logging out from NeoStox]]>
    </line>
    <line>
      <![CDATA[closing browser]]>
    </line>
  </reporter-output>
  <suite started-at="2022-12-07T09:02:42 IST" name="Default suite" finished-at="2022-12-07T09:03:13 IST" duration-ms="30533">
    <groups>
    </groups>
    <test started-at="2022-12-07T09:02:42 IST" name="Default test" finished-at="2022-12-07T09:03:13 IST" duration-ms="30533">
      <class name="maven07.ValidateNeoStoxUserNameUsingPropertyFile">
        <test-method is-config="true" signature="launchNeoStox()[pri:0, instance:maven07.ValidateNeoStoxUserNameUsingPropertyFile@7fa98a66]" started-at="2022-12-07T09:02:42 IST" name="launchNeoStox" finished-at="2022-12-07T09:02:49 IST" duration-ms="6870" status="PASS">
          <reporter-output>
            <line>
              <![CDATA[reading value of url from property file]]>
            </line>
            <line>
              <![CDATA[Launching browser]]>
            </line>
            <line>
              <![CDATA[waiting for 1000milis]]>
            </line>
          </reporter-output>
        </test-method> <!-- launchNeoStox -->
        <test-method is-config="true" signature="loginToNeoStox()[pri:0, instance:maven07.ValidateNeoStoxUserNameUsingPropertyFile@7fa98a66]" started-at="2022-12-07T09:02:49 IST" name="loginToNeoStox" finished-at="2022-12-07T09:03:01 IST" duration-ms="12118" status="PASS">
          <reporter-output>
            <line>
              <![CDATA[reading value of mobNum from property file]]>
            </line>
            <line>
              <![CDATA[waiting for 1000milis]]>
            </line>
            <line>
              <![CDATA[sending mobile number]]>
            </line>
            <line>
              <![CDATA[waiting for 1000milis]]>
            </line>
            <line>
              <![CDATA[clicking on sign in Button]]>
            </line>
            <line>
              <![CDATA[reading value of pass from property file]]>
            </line>
            <line>
              <![CDATA[waiting for 3000milis]]>
            </line>
            <line>
              <![CDATA[sending password]]>
            </line>
            <line>
              <![CDATA[clicking on submit button]]>
            </line>
            <line>
              <![CDATA[waiting for 1000milis]]>
            </line>
            <line>
              <![CDATA[scrolling into view Close]]>
            </line>
            <line>
              <![CDATA[waiting for 1000milis]]>
            </line>
            <line>
              <![CDATA[Handeling popup..]]>
            </line>
          </reporter-output>
        </test-method> <!-- loginToNeoStox -->
        <test-method signature="validateAcBalance()[pri:0, instance:maven07.ValidateNeoStoxUserNameUsingPropertyFile@7fa98a66]" started-at="2022-12-07T09:03:01 IST" name="validateAcBalance" finished-at="2022-12-07T09:03:01 IST" duration-ms="89" status="PASS">
          <reporter-output>
            <line>
              <![CDATA[waiting for 1000milis]]>
            </line>
            <line>
              <![CDATA[getting act balance]]>
            </line>
            <line>
              <![CDATA[waiting for 1000milis]]>
            </line>
            <line>
              <![CDATA[getting act balance]]>
            </line>
            <line>
              <![CDATA[AC balance is Rs.5,00,000.00]]>
            </line>
          </reporter-output>
        </test-method> <!-- validateAcBalance -->
        <test-method is-config="true" signature="logOut()[pri:0, instance:maven07.ValidateNeoStoxUserNameUsingPropertyFile@7fa98a66]" started-at="2022-12-07T09:03:01 IST" name="logOut" finished-at="2022-12-07T09:03:02 IST" duration-ms="187" status="PASS">
          <reporter-output>
            <line>
              <![CDATA[waiting for 1000milis]]>
            </line>
            <line>
              <![CDATA[waiting for 1000milis]]>
            </line>
            <line>
              <![CDATA[Logging out from NeoStox]]>
            </line>
          </reporter-output>
        </test-method> <!-- logOut -->
        <test-method is-config="true" signature="loginToNeoStox()[pri:0, instance:maven07.ValidateNeoStoxUserNameUsingPropertyFile@7fa98a66]" started-at="2022-12-07T09:03:02 IST" name="loginToNeoStox" finished-at="2022-12-07T09:03:11 IST" duration-ms="9489" status="PASS">
          <reporter-output>
            <line>
              <![CDATA[reading value of mobNum from property file]]>
            </line>
            <line>
              <![CDATA[waiting for 1000milis]]>
            </line>
            <line>
              <![CDATA[sending mobile number]]>
            </line>
            <line>
              <![CDATA[waiting for 1000milis]]>
            </line>
            <line>
              <![CDATA[clicking on sign in Button]]>
            </line>
            <line>
              <![CDATA[reading value of pass from property file]]>
            </line>
            <line>
              <![CDATA[waiting for 3000milis]]>
            </line>
            <line>
              <![CDATA[sending password]]>
            </line>
            <line>
              <![CDATA[clicking on submit button]]>
            </line>
            <line>
              <![CDATA[waiting for 1000milis]]>
            </line>
            <line>
              <![CDATA[There are no Popup]]>
            </line>
          </reporter-output>
        </test-method> <!-- loginToNeoStox -->
        <test-method signature="validateUserName()[pri:0, instance:maven07.ValidateNeoStoxUserNameUsingPropertyFile@7fa98a66]" started-at="2022-12-07T09:03:11 IST" name="validateUserName" finished-at="2022-12-07T09:03:11 IST" duration-ms="52" status="FAIL">
          <exception class="java.lang.AssertionError">
            <message>
              <![CDATA[expected [Hi kshitij jadhav1] but found [Hi kshitij jadhav]]]>
            </message>
            <full-stacktrace>
              <![CDATA[java.lang.AssertionError: expected [Hi kshitij jadhav1] but found [Hi kshitij jadhav]
at org.testng.Assert.fail(Assert.java:99)
at org.testng.Assert.failNotEquals(Assert.java:1037)
at org.testng.Assert.assertEqualsImpl(Assert.java:140)
at org.testng.Assert.assertEquals(Assert.java:122)
at org.testng.Assert.assertEquals(Assert.java:629)
at org.testng.Assert.assertEquals(Assert.java:639)
at maven07.ValidateNeoStoxUserNameUsingPropertyFile.validateUserName(ValidateNeoStoxUserNameUsingPropertyFile.java:46)
at java.base/jdk.internal.reflect.DirectMethodHandleAccessor.invoke(DirectMethodHandleAccessor.java:104)
at java.base/java.lang.reflect.Method.invoke(Method.java:578)
at org.testng.internal.MethodInvocationHelper.invokeMethod(MethodInvocationHelper.java:133)
at org.testng.internal.TestInvoker.invokeMethod(TestInvoker.java:598)
at org.testng.internal.TestInvoker.invokeTestMethod(TestInvoker.java:173)
at org.testng.internal.MethodRunner.runInSequence(MethodRunner.java:46)
at org.testng.internal.TestInvoker$MethodInvocationAgent.invoke(TestInvoker.java:824)
at org.testng.internal.TestInvoker.invokeTestMethods(TestInvoker.java:146)
at org.testng.internal.TestMethodWorker.invokeTestMethods(TestMethodWorker.java:146)
at org.testng.internal.TestMethodWorker.run(TestMethodWorker.java:128)
at java.base/java.util.ArrayList.forEach(ArrayList.java:1511)
at org.testng.TestRunner.privateRun(TestRunner.java:794)
at org.testng.TestRunner.run(TestRunner.java:596)
at org.testng.SuiteRunner.runTest(SuiteRunner.java:377)
at org.testng.SuiteRunner.runSequentially(SuiteRunner.java:371)
at org.testng.SuiteRunner.privateRun(SuiteRunner.java:332)
at org.testng.SuiteRunner.run(SuiteRunner.java:276)
at org.testng.SuiteRunnerWorker.runSuite(SuiteRunnerWorker.java:53)
at org.testng.SuiteRunnerWorker.run(SuiteRunnerWorker.java:96)
at org.testng.TestNG.runSuitesSequentially(TestNG.java:1212)
at org.testng.TestNG.runSuitesLocally(TestNG.java:1134)
at org.testng.TestNG.runSuites(TestNG.java:1063)
at org.testng.TestNG.run(TestNG.java:1031)
at org.testng.remote.AbstractRemoteTestNG.run(AbstractRemoteTestNG.java:115)
at org.testng.remote.RemoteTestNG.initAndRun(RemoteTestNG.java:251)
at org.testng.remote.RemoteTestNG.main(RemoteTestNG.java:77)
]]>
            </full-stacktrace>
          </exception> <!-- java.lang.AssertionError -->
          <reporter-output>
            <line>
              <![CDATA[getting user Name]]>
            </line>
            <line>
              <![CDATA[reading value of userName from property file]]>
            </line>
          </reporter-output>
        </test-method> <!-- validateUserName -->
        <test-method is-config="true" signature="logOut()[pri:0, instance:maven07.ValidateNeoStoxUserNameUsingPropertyFile@7fa98a66]" started-at="2022-12-07T09:03:11 IST" name="logOut" finished-at="2022-12-07T09:03:12 IST" duration-ms="567" status="PASS">
          <reporter-output>
            <line>
              <![CDATA[waiting for 1000milis]]>
            </line>
            <line>
              <![CDATA[waiting for 1000milis]]>
            </line>
            <line>
              <![CDATA[Logging out from NeoStox]]>
            </line>
          </reporter-output>
        </test-method> <!-- logOut -->
        <test-method is-config="true" signature="closeApplication()[pri:0, instance:maven07.ValidateNeoStoxUserNameUsingPropertyFile@7fa98a66]" started-at="2022-12-07T09:03:12 IST" name="closeApplication" finished-at="2022-12-07T09:03:13 IST" duration-ms="1084" status="PASS">
          <reporter-output>
            <line>
              <![CDATA[closing browser]]>
            </line>
          </reporter-output>
        </test-method> <!-- closeApplication -->
      </class> <!-- maven07.ValidateNeoStoxUserNameUsingPropertyFile -->
    </test> <!-- Default test -->
  </suite> <!-- Default suite -->
</testng-results>
