<?xml version="1.0" encoding="UTF-8"?>
<!-- Generated by org.testng.reporters.JUnitXMLReporter -->
<testsuite ignored="0" hostname="DESKTOP-4H7QSCG" failures="0" tests="2" name="Default test" time="31.338" errors="0" timestamp="2022-12-02T16:42:46 IST">
  <testcase classname="neoStoxTestClasses.ValidateNeoStoxUserNameUsingPropertyFile" name="validateAcBalance" time="0.184"/>
  <testcase classname="neoStoxTestClasses.ValidateNeoStoxUserNameUsingPropertyFile" name="validateUserName" time="0.591"/>
</testsuite> <!-- Default test -->
