<?xml version="1.0" encoding="UTF-8"?>
<!-- Generated by org.testng.reporters.JUnitXMLReporter -->
<testsuite ignored="0" hostname="DESKTOP-4H7QSCG" failures="2" tests="6" name="Test" time="0.132" errors="0" timestamp="2022-12-01T08:34:38 IST">
  <testcase classname="Listener.Mytesting1" name="C" time="0.018">
    <failure type="java.lang.AssertionError" message="null">
      <![CDATA[java.lang.AssertionError: null
at Listener.Mytesting1.C(Mytesting1.java:22)
at java.base/java.util.ArrayList.forEach(ArrayList.java:1511)
... Removed 27 stack frames]]>
    </failure>
  </testcase> <!-- C -->
  <testcase classname="Listener.Mytesting1" name="A" time="0.003"/>
  <testcase classname="Listener.Mytesting1" name="B" time="0.0">
    <skipped/>
  </testcase> <!-- B -->
  <testcase classname="Listener.MyTesting2" name="D" time="0.002"/>
  <testcase classname="Listener.MyTesting2" name="F" time="0.003">
    <failure type="java.lang.AssertionError" message="null">
      <![CDATA[java.lang.AssertionError: null
at Listener.MyTesting2.F(MyTesting2.java:21)
at java.base/java.util.ArrayList.forEach(ArrayList.java:1511)
... Removed 27 stack frames]]>
    </failure>
  </testcase> <!-- F -->
  <testcase classname="Listener.MyTesting2" name="E" time="0.0">
    <skipped/>
  </testcase> <!-- E -->
</testsuite> <!-- Test -->
